antlr:antlr 2.7.7 compile TODO
bower::bootstrap 3.4.0 compile TODO
bower::bootstrapvalidator 0.5.3 compile TODO
bower::jquery 3.3.1 compile TODO
ch.qos.logback:logback-classic 1.1.2 compile TODO
ch.qos.logback:logback-core 1.1.2 compile TODO
com.codahale.metrics:metrics-annotation 3.0.2 compile TODO
com.codahale.metrics:metrics-core 3.0.2 compile TODO
com.codahale.metrics:metrics-healthchecks 3.0.2 compile TODO
com.codahale.metrics:metrics-httpclient 3.0.2 compile TODO
com.codahale.metrics:metrics-jersey 3.0.2 compile TODO
com.codahale.metrics:metrics-jetty9 3.0.2 compile TODO
com.codahale.metrics:metrics-json 3.0.2 compile TODO
com.codahale.metrics:metrics-jvm 3.0.2 compile TODO
com.codahale.metrics:metrics-logback 3.0.2 compile TODO
com.codahale.metrics:metrics-servlets 3.0.2 compile TODO
com.fasterxml.jackson.core:jackson-annotations 2.9.6 compile TODO
com.fasterxml.jackson.core:jackson-core 2.9.6 compile TODO
com.fasterxml.jackson.core:jackson-databind 2.9.6 compile TODO
com.fasterxml.jackson.dataformat:jackson-dataformat-yaml 2.9.6 compile TODO
com.fasterxml.jackson.datatype:jackson-datatype-guava 2.9.6 compile TODO
com.fasterxml.jackson.datatype:jackson-datatype-joda 2.9.6 compile TODO
com.fasterxml.jackson.jaxrs:jackson-jaxrs-base 2.9.6 compile TODO
com.fasterxml.jackson.jaxrs:jackson-jaxrs-json-provider 2.9.6 compile TODO
com.fasterxml.jackson.module:jackson-module-afterburner 2.9.6 compile TODO
com.fasterxml.jackson.module:jackson-module-jaxb-annotations 2.9.6 compile TODO
com.fasterxml:classmate 1.4.0 compile TODO
com.google.code.findbugs:jsr305 3.0.2 compile TODO
com.google.errorprone:error_prone_annotations 2.1.3 compile TODO
com.google.guava:guava 25.1-jre compile TODO
com.google.j2objc:j2objc-annotations 1.1 compile TODO
com.sun.jersey.contribs:jersey-apache-client4 1.19.4 compile TODO
com.sun.jersey:jersey-client 1.19.4 compile TODO
com.sun.jersey:jersey-core 1.19.4 compile TODO
com.sun.jersey:jersey-server 1.19.4 compile TODO
com.sun.jersey:jersey-servlet 1.19.4 compile TODO
com.vaadin.external.google:android-json 0.0.20131108.vaadin1 compile TODO
commons-codec:commons-codec 1.11 compile TODO
commons-lang:commons-lang 2.6 compile TODO
dom4j:dom4j 1.6.1 compile TODO
io.dropwizard:dropwizard-assets 0.7.1 compile TODO
io.dropwizard:dropwizard-auth 0.7.1 compile TODO
io.dropwizard:dropwizard-client 0.7.1 compile TODO
io.dropwizard:dropwizard-configuration 0.7.1 compile TODO
io.dropwizard:dropwizard-core 0.7.1 compile TODO
io.dropwizard:dropwizard-jackson 0.7.1 compile TODO
io.dropwizard:dropwizard-jersey 0.7.1 compile TODO
io.dropwizard:dropwizard-jetty 0.7.1 compile TODO
io.dropwizard:dropwizard-lifecycle 0.7.1 compile TODO
io.dropwizard:dropwizard-logging 0.7.1 compile TODO
io.dropwizard:dropwizard-metrics 0.7.1 compile TODO
io.dropwizard:dropwizard-servlets 0.7.1 compile TODO
io.dropwizard:dropwizard-util 0.7.1 compile TODO
io.dropwizard:dropwizard-validation 0.7.1 compile TODO
javax.activation:activation 1.1.1 compile TODO
javax.mail:mail 1.4.7 compile TODO
javax.persistence:javax.persistence-api 2.2 compile TODO
javax.servlet:javax.servlet-api 3.1.0 compile TODO
javax.validation:validation-api 1.1.0.Final compile TODO
javax.ws.rs:jsr311-api 1.1.1 compile TODO
javax.xml.bind:jaxb-api 2.3.0 compile TODO
joda-time:joda-time 2.10 compile TODO
net.bytebuddy:byte-buddy 1.9.0 compile TODO
net.sourceforge.argparse4j:argparse4j 0.4.3 compile TODO
npm::angular 1.6.10 compile TODO
npm::angular-animate 1.6.10 compile TODO
npm::angular-aria 1.6.10 compile TODO
npm::angular-material 1.1.12 compile TODO
npm::angular-messages 1.6.10 compile TODO
npm::angular-route 1.6.10 compile TODO
npm::angular-translate 2.18.1 compile TODO
npm::angular-translate-loader-static-files 2.18.1 compile TODO
npm::angular-ui-bootstrap 1.3.3 compile TODO
npm::bulk-require 0.2.1 compile TODO
npm::glob 3.2.11 compile TODO
npm::inherits 2.0.3 compile TODO
npm::jquery-param 0.2.0 compile TODO
npm::lru-cache 2.7.3 compile TODO
npm::minimatch 0.3.0 compile TODO
npm::moment 2.24.0 compile TODO
npm::ng-file-upload 12.2.13 compile TODO
npm::sigmund 1.0.1 compile TODO
org.apache.httpcomponents:httpclient 4.5.5 compile TODO
org.apache.httpcomponents:httpcore 4.4.10 compile TODO
org.apache.tika:tika-core 1.10 compile TODO
org.checkerframework:checker-qual 2.0.0 compile TODO
org.codehaus.mojo:animal-sniffer-annotations 1.14 compile TODO
org.eclipse.jetty.orbit:javax.servlet 3.0.0.v201112011016 compile TODO
org.eclipse.jetty.toolchain.setuid:jetty-setuid-java 1.0.2 compile TODO
org.eclipse.jetty:jetty-continuation 9.0.7.v20131107 compile TODO
org.eclipse.jetty:jetty-http 9.0.7.v20131107 compile TODO
org.eclipse.jetty:jetty-io 9.0.7.v20131107 compile TODO
org.eclipse.jetty:jetty-security 9.0.7.v20131107 compile TODO
org.eclipse.jetty:jetty-server 9.0.7.v20131107 compile TODO
org.eclipse.jetty:jetty-servlet 9.0.7.v20131107 compile TODO
org.eclipse.jetty:jetty-servlets 9.0.7.v20131107 compile TODO
org.eclipse.jetty:jetty-util 9.0.7.v20131107 compile TODO
org.glassfish:javax.el 3.0.0 compile TODO
org.hibernate.common:hibernate-commons-annotations 5.0.4.Final compile TODO
org.hibernate:hibernate-core 5.3.2.Final compile TODO
org.hibernate:hibernate-validator 5.4.2.Final compile TODO
org.javassist:javassist 3.22.0-GA compile TODO
org.jboss.logging:jboss-logging 3.3.2.Final compile TODO
org.jboss.spec.javax.transaction:jboss-transaction-api_1.2_spec 1.1.1.Final compile TODO
org.jboss:jandex 2.0.5.Final compile TODO
org.osiam:connector4java 1.8 compile TODO
org.osiam:scim-schema 1.6 compile TODO
org.projectlombok:lombok 1.18.0 compile TODO
org.slf4j:jcl-over-slf4j 1.7.25 compile TODO
org.slf4j:jul-to-slf4j 1.7.25 compile TODO
org.slf4j:log4j-over-slf4j 1.7.25 compile TODO
org.slf4j:slf4j-api 1.7.25 compile TODO
org.yaml:snakeyaml 1.18 compile TODO
