aopalliance:aopalliance 1.0 TODO
com.fasterxml.jackson.core:jackson-annotations 2.5.1 TODO
com.fasterxml.jackson.core:jackson-core 2.5.1 TODO
com.fasterxml.jackson.core:jackson-databind 2.5.1 TODO
com.fasterxml.jackson.dataformat:jackson-dataformat-yaml 2.7.4 TODO
commons-cli:commons-cli 1.2 TODO
commons-io:commons-io 2.5 TODO
commons-logging:commons-logging 1.2 TODO
de.tarent.dfg-commons:background-jobs 1.15 TODO
de.tarent.extract:extract-tool 1.4 TODO
org.apache.commons:commons-csv 1.2 TODO
org.apache.logging.log4j:log4j-api 2.5 TODO
org.apache.logging.log4j:log4j-core 2.5 TODO
org.apache.logging.log4j:log4j-jcl 2.2 TODO
org.springframework:spring-aop 4.1.4.RELEASE TODO
org.springframework:spring-beans 4.1.4.RELEASE TODO
org.springframework:spring-context 4.1.4.RELEASE TODO
org.springframework:spring-core 4.1.4.RELEASE TODO
org.springframework:spring-expression 4.1.4.RELEASE TODO
org.springframework:spring-jdbc 4.2.6.RELEASE TODO
org.springframework:spring-tx 4.2.6.RELEASE TODO
org.yaml:snakeyaml 1.15 TODO
